info:    Creating snapshot 0.4.1-8
info   Uploading: [=============================] 100%
error:   Error running command deploy
error:   Nodejitsu Error (500): Internal Server Error
error:   npm http GET https://registry.npmjs.org/express
npm http GET https://registry.npmjs.org/stylus
npm http GET https://registry.npmjs.org/ejs
npm http GET https://registry.npmjs.org/request
npm http GET https://registry.npmjs.org/colors
npm http GET https://registry.npmjs.org/node-markdown
npm http GET https://registry.npmjs.org/lodash
npm http GET https://registry.npmjs.org/dbox/0.6.3
npm http GET https://registry.npmjs.org/phantomjs
npm http 200 https://registry.npmjs.org/colors
npm http GET https://registry.npmjs.org/colors/-/colors-0.6.0-1.tgz
npm http 200 https://registry.npmjs.org/ejs
npm http GET https://registry.npmjs.org/ejs/-/ejs-0.8.4.tgz
npm http 200 https://registry.npmjs.org/node-markdown
npm WARN deprecated node-markdown@0.1.1: highlight is deprecated in favor of "highliht.js"
npm http GET https://registry.npmjs.org/node-markdown/-/node-markdown-0.1.1.tgz
npm http 200 https://registry.npmjs.org/stylus
npm http GET https://registry.npmjs.org/stylus/-/stylus-0.32.1.tgz
npm http 200 https://registry.npmjs.org/express
npm http 200 https://registry.npmjs.org/request
npm http 200 https://registry.npmjs.org/dbox/0.6.3
npm http 200 https://registry.npmjs.org/phantomjs
npm http GET https://registry.npmjs.org/express/-/express-3.2.6.tgz
npm http GET https://registry.npmjs.org/phantomjs/-/phantomjs-1.9.0-6.tgz
npm http GET https://registry.npmjs.org/request/-/request-2.21.0.tgz
npm http GET https://registry.npmjs.org/dbox/-/dbox-0.6.3.tgz
npm http 200 https://registry.npmjs.org/lodash
npm http GET https://registry.npmjs.org/lodash/-/lodash-1.2.1.tgz
npm http 200 https://registry.npmjs.org/colors/-/colors-0.6.0-1.tgz
npm http 200 https://registry.npmjs.org/ejs/-/ejs-0.8.4.tgz
npm http 200 https://registry.npmjs.org/node-markdown/-/node-markdown-0.1.1.tgz
npm http 200 https://registry.npmjs.org/phantomjs/-/phantomjs-1.9.0-6.tgz
npm http 200 https://registry.npmjs.org/request/-/request-2.21.0.tgz
npm http 200 https://registry.npmjs.org/stylus/-/stylus-0.32.1.tgz
npm http 200 https://registry.npmjs.org/dbox/-/dbox-0.6.3.tgz
npm http 200 https://registry.npmjs.org/lodash/-/lodash-1.2.1.tgz
npm http 200 https://registry.npmjs.org/express/-/express-3.2.6.tgz
npm http GET https://registry.npmjs.org/adm-zip/0.2.1
npm http GET https://registry.npmjs.org/kew
npm http GET https://registry.npmjs.org/request/2.9.153
npm http GET https://registry.npmjs.org/connect/2.7.11
npm http GET https://registry.npmjs.org/commander/0.6.1
npm http GET https://registry.npmjs.org/ncp/0.4.2
npm http GET https://registry.npmjs.org/range-parser/0.0.4
npm http GET https://registry.npmjs.org/npmconf/0.0.24
npm http GET https://registry.npmjs.org/mkdirp/0.3.4
npm http GET https://registry.npmjs.org/mkdirp/0.3.5
npm http GET https://registry.npmjs.org/cookie/0.1.0
npm http GET https://registry.npmjs.org/rimraf
npm http GET https://registry.npmjs.org/buffer-crc32/0.2.1
npm http GET https://registry.npmjs.org/fresh/0.1.0
npm http GET https://registry.npmjs.org/methods/0.0.1
npm http GET https://registry.npmjs.org/send/0.1.0
npm http GET https://registry.npmjs.org/cookie-signature/1.0.1
npm http GET https://registry.npmjs.org/debug
npm http GET https://registry.npmjs.org/qs
npm http GET https://registry.npmjs.org/json-stringify-safe
npm http GET https://registry.npmjs.org/forever-agent
npm http GET https://registry.npmjs.org/tunnel-agent
npm http GET https://registry.npmjs.org/http-signature
npm http GET https://registry.npmjs.org/hawk
npm http GET https://registry.npmjs.org/aws-sign
npm http GET https://registry.npmjs.org/oauth-sign
npm http GET https://registry.npmjs.org/cookie-jar
npm http GET https://registry.npmjs.org/node-uuid
npm http GET https://registry.npmjs.org/mime
npm http GET https://registry.npmjs.org/form-data/0.0.8
npm http GET https://registry.npmjs.org/cssom
npm http GET https://registry.npmjs.org/mkdirp
npm http 200 https://registry.npmjs.org/request/2.9.153
npm http 200 https://registry.npmjs.org/connect/2.7.11
npm http GET https://registry.npmjs.org/request/-/request-2.9.153.tgz
npm http 200 https://registry.npmjs.org/adm-zip/0.2.1
npm http 200 https://registry.npmjs.org/commander/0.6.1
npm http GET https://registry.npmjs.org/connect/-/connect-2.7.11.tgz
npm http GET https://registry.npmjs.org/adm-zip/-/adm-zip-0.2.1.tgz
npm http GET https://registry.npmjs.org/commander/-/commander-0.6.1.tgz
npm http 200 https://registry.npmjs.org/kew
npm http 200 https://registry.npmjs.org/range-parser/0.0.4
npm http GET https://registry.npmjs.org/kew/-/kew-0.1.7.tgz
npm http GET https://registry.npmjs.org/range-parser/-/range-parser-0.0.4.tgz
npm http 200 https://registry.npmjs.org/mkdirp/0.3.4
npm http GET https://registry.npmjs.org/mkdirp/-/mkdirp-0.3.4.tgz
npm http 200 https://registry.npmjs.org/ncp/0.4.2
npm http GET https://registry.npmjs.org/ncp/-/ncp-0.4.2.tgz
npm http 200 https://registry.npmjs.org/npmconf/0.0.24
npm http GET https://registry.npmjs.org/npmconf/-/npmconf-0.0.24.tgz
npm http 200 https://registry.npmjs.org/mkdirp/0.3.5
npm http 200 https://registry.npmjs.org/cookie/0.1.0
npm http 200 https://registry.npmjs.org/fresh/0.1.0
npm http GET https://registry.npmjs.org/mkdirp/-/mkdirp-0.3.5.tgz
npm http GET https://registry.npmjs.org/cookie/-/cookie-0.1.0.tgz
npm http GET https://registry.npmjs.org/fresh/-/fresh-0.1.0.tgz
npm http 200 https://registry.npmjs.org/buffer-crc32/0.2.1
npm http GET https://registry.npmjs.org/buffer-crc32/-/buffer-crc32-0.2.1.tgz
npm http 200 https://registry.npmjs.org/rimraf
npm http GET https://registry.npmjs.org/rimraf/-/rimraf-2.0.3.tgz
npm http 200 https://registry.npmjs.org/send/0.1.0
npm http GET https://registry.npmjs.org/send/-/send-0.1.0.tgz
npm http 200 https://registry.npmjs.org/cookie-signature/1.0.1
npm http GET https://registry.npmjs.org/cookie-signature/-/cookie-signature-1.0.1.tgz
npm http 200 https://registry.npmjs.org/debug
npm http 200 https://registry.npmjs.org/methods/0.0.1
npm http GET https://registry.npmjs.org/debug/-/debug-0.7.2.tgz
npm http GET https://registry.npmjs.org/methods/-/methods-0.0.1.tgz
npm http 200 https://registry.npmjs.org/qs
npm http 200 https://registry.npmjs.org/json-stringify-safe
npm http GET https://registry.npmjs.org/qs/-/qs-0.6.5.tgz
npm http 200 https://registry.npmjs.org/forever-agent
npm http 200 https://registry.npmjs.org/request/-/request-2.9.153.tgz
npm http GET https://registry.npmjs.org/json-stringify-safe/-/json-stringify-safe-4.0.0.tgz
npm http GET https://registry.npmjs.org/forever-agent/-/forever-agent-0.5.0.tgz
npm http 200 https://registry.npmjs.org/commander/-/commander-0.6.1.tgz
npm http 200 https://registry.npmjs.org/tunnel-agent
npm http 200 https://registry.npmjs.org/http-signature
npm http 200 https://registry.npmjs.org/adm-zip/-/adm-zip-0.2.1.tgz
npm http GET https://registry.npmjs.org/tunnel-agent/-/tunnel-agent-0.3.0.tgz
npm http GET https://registry.npmjs.org/http-signature/-/http-signature-0.9.11.tgz
npm http 200 https://registry.npmjs.org/connect/-/connect-2.7.11.tgz
npm http 200 https://registry.npmjs.org/aws-sign
npm http GET https://registry.npmjs.org/aws-sign/-/aws-sign-0.3.0.tgz
npm http 200 https://registry.npmjs.org/kew/-/kew-0.1.7.tgz
npm http 200 https://registry.npmjs.org/range-parser/-/range-parser-0.0.4.tgz
npm http 200 https://registry.npmjs.org/mkdirp/-/mkdirp-0.3.4.tgz
npm http 200 https://registry.npmjs.org/node-uuid
npm http 200 https://registry.npmjs.org/oauth-sign
npm http 200 https://registry.npmjs.org/cookie-jar
npm http GET https://registry.npmjs.org/node-uuid/-/node-uuid-1.4.0.tgz
npm http GET https://registry.npmjs.org/cookie-jar/-/cookie-jar-0.3.0.tgz
npm http GET https://registry.npmjs.org/oauth-sign/-/oauth-sign-0.3.0.tgz
npm http 200 https://registry.npmjs.org/mime
npm http GET https://registry.npmjs.org/mime/-/mime-1.2.9.tgz
npm http 200 https://registry.npmjs.org/ncp/-/ncp-0.4.2.tgz
npm http 200 https://registry.npmjs.org/form-data/0.0.8
npm http GET https://registry.npmjs.org/form-data/-/form-data-0.0.8.tgz
npm http 200 https://registry.npmjs.org/cssom
npm http 200 https://registry.npmjs.org/mkdirp
npm http GET https://registry.npmjs.org/cssom/-/cssom-0.2.5.tgz
npm http 200 https://registry.npmjs.org/fresh/-/fresh-0.1.0.tgz
npm http 200 https://registry.npmjs.org/mkdirp/-/mkdirp-0.3.5.tgz
npm http 200 https://registry.npmjs.org/cookie/-/cookie-0.1.0.tgz
npm http 200 https://registry.npmjs.org/npmconf/-/npmconf-0.0.24.tgz
npm http 200 https://registry.npmjs.org/buffer-crc32/-/buffer-crc32-0.2.1.tgz
npm http 200 https://registry.npmjs.org/rimraf/-/rimraf-2.0.3.tgz
npm http 200 https://registry.npmjs.org/debug/-/debug-0.7.2.tgz
npm http 200 https://registry.npmjs.org/cookie-signature/-/cookie-signature-1.0.1.tgz
npm http 200 https://registry.npmjs.org/send/-/send-0.1.0.tgz
npm http 200 https://registry.npmjs.org/hawk
npm http GET https://registry.npmjs.org/hawk/-/hawk-0.13.1.tgz
npm http 200 https://registry.npmjs.org/methods/-/methods-0.0.1.tgz
npm http 200 https://registry.npmjs.org/json-stringify-safe/-/json-stringify-safe-4.0.0.tgz
npm http 200 https://registry.npmjs.org/qs/-/qs-0.6.5.tgz
npm http 200 https://registry.npmjs.org/tunnel-agent/-/tunnel-agent-0.3.0.tgz
npm http 200 https://registry.npmjs.org/forever-agent/-/forever-agent-0.5.0.tgz
npm WARN package.json methods@0.0.1 No readme data!
npm http 200 https://registry.npmjs.org/http-signature/-/http-signature-0.9.11.tgz
npm http 200 https://registry.npmjs.org/node-uuid/-/node-uuid-1.4.0.tgz
npm http 200 https://registry.npmjs.org/aws-sign/-/aws-sign-0.3.0.tgz
npm http 200 https://registry.npmjs.org/oauth-sign/-/oauth-sign-0.3.0.tgz
npm http 200 https://registry.npmjs.org/cookie-jar/-/cookie-jar-0.3.0.tgz
npm http 200 https://registry.npmjs.org/mime/-/mime-1.2.9.tgz
npm http 200 https://registry.npmjs.org/form-data/-/form-data-0.0.8.tgz
npm http 200 https://registry.npmjs.org/cssom/-/cssom-0.2.5.tgz
npm http 200 https://registry.npmjs.org/hawk/-/hawk-0.13.1.tgz
npm http GET https://registry.npmjs.org/graceful-fs
npm http GET https://registry.npmjs.org/config-chain
npm http GET https://registry.npmjs.org/inherits
npm http GET https://registry.npmjs.org/once
npm http GET https://registry.npmjs.org/osenv/0.0.3
npm http GET https://registry.npmjs.org/nopt
npm http GET https://registry.npmjs.org/semver
npm http GET https://registry.npmjs.org/ini
npm http 200 https://registry.npmjs.org/config-chain
npm http 200 https://registry.npmjs.org/graceful-fs
npm http 200 https://registry.npmjs.org/once
npm http 200 https://registry.npmjs.org/osenv/0.0.3
npm http 200 https://registry.npmjs.org/inherits
npm http GET https://registry.npmjs.org/config-chain/-/config-chain-1.1.7.tgz
npm http GET https://registry.npmjs.org/graceful-fs/-/graceful-fs-1.1.14.tgz
npm http GET https://registry.npmjs.org/once/-/once-1.1.1.tgz
npm http GET https://registry.npmjs.org/inherits/-/inherits-1.0.0.tgz
npm http GET https://registry.npmjs.org/osenv/-/osenv-0.0.3.tgz
npm http GET https://registry.npmjs.org/mime/1.2.6
npm http 200 https://registry.npmjs.org/nopt
npm http 200 https://registry.npmjs.org/ini
npm http GET https://registry.npmjs.org/nopt/-/nopt-2.1.1.tgz
npm http GET https://registry.npmjs.org/ini/-/ini-1.1.0.tgz
npm http 200 https://registry.npmjs.org/semver
npm http GET https://registry.npmjs.org/semver/-/semver-1.1.4.tgz
npm http 200 https://registry.npmjs.org/osenv/-/osenv-0.0.3.tgz
npm http 200 https://registry.npmjs.org/graceful-fs/-/graceful-fs-1.1.14.tgz
npm http 200 https://registry.npmjs.org/config-chain/-/config-chain-1.1.7.tgz
npm http 200 https://registry.npmjs.org/once/-/once-1.1.1.tgz
npm http 200 https://registry.npmjs.org/inherits/-/inherits-1.0.0.tgz
npm http GET https://registry.npmjs.org/qs/0.6.5
npm http GET https://registry.npmjs.org/formidable/1.0.14
npm http GET https://registry.npmjs.org/cookie/0.0.5
npm http GET https://registry.npmjs.org/send/0.1.1
npm http GET https://registry.npmjs.org/bytes/0.2.0
npm http GET https://registry.npmjs.org/pause/0.0.1
npm http 200 https://registry.npmjs.org/mime/1.2.6
npm http 200 https://registry.npmjs.org/nopt/-/nopt-2.1.1.tgz
npm http GET https://registry.npmjs.org/mime/-/mime-1.2.6.tgz
npm http 200 https://registry.npmjs.org/bytes/0.2.0
npm http 200 https://registry.npmjs.org/ini/-/ini-1.1.0.tgz
npm http 200 https://registry.npmjs.org/semver/-/semver-1.1.4.tgz
npm http GET https://registry.npmjs.org/bytes/-/bytes-0.2.0.tgz
npm http 200 https://registry.npmjs.org/pause/0.0.1
npm http GET https://registry.npmjs.org/pause/-/pause-0.0.1.tgz
npm http 200 https://registry.npmjs.org/cookie/0.0.5
npm http 200 https://registry.npmjs.org/formidable/1.0.14
npm http GET https://registry.npmjs.org/cookie/-/cookie-0.0.5.tgz
npm http GET https://registry.npmjs.org/formidable/-/formidable-1.0.14.tgz
npm http 200 https://registry.npmjs.org/qs/0.6.5
npm http 200 https://registry.npmjs.org/send/0.1.1
npm http GET https://registry.npmjs.org/qs/-/qs-0.6.5.tgz
npm http GET https://registry.npmjs.org/send/-/send-0.1.1.tgz
npm http 200 https://registry.npmjs.org/bytes/-/bytes-0.2.0.tgz
npm http 200 https://registry.npmjs.org/mime/-/mime-1.2.6.tgz
npm http GET https://registry.npmjs.org/assert-plus/0.1.2
npm http GET https://registry.npmjs.org/asn1/0.1.11
npm http GET https://registry.npmjs.org/ctype/0.5.2
npm http 200 https://registry.npmjs.org/qs/-/qs-0.6.5.tgz
npm http 200 https://registry.npmjs.org/send/-/send-0.1.1.tgz
npm http 200 https://registry.npmjs.org/pause/-/pause-0.0.1.tgz
npm http GET https://registry.npmjs.org/abbrev
npm http GET https://registry.npmjs.org/proto-list
npm http GET https://registry.npmjs.org/hoek
npm http GET https://registry.npmjs.org/boom
npm http GET https://registry.npmjs.org/cryptiles
npm http GET https://registry.npmjs.org/sntp
npm http GET https://registry.npmjs.org/combined-stream
npm http GET https://registry.npmjs.org/async
npm http 200 https://registry.npmjs.org/cookie/-/cookie-0.0.5.tgz
npm http 200 https://registry.npmjs.org/formidable/-/formidable-1.0.14.tgz
npm http 200 https://registry.npmjs.org/proto-list
npm http GET https://registry.npmjs.org/proto-list/-/proto-list-1.2.2.tgz
npm http 200 https://registry.npmjs.org/abbrev
npm http GET https://registry.npmjs.org/abbrev/-/abbrev-1.0.4.tgz
npm http 200 https://registry.npmjs.org/assert-plus/0.1.2
npm http 200 https://registry.npmjs.org/boom
npm http GET https://registry.npmjs.org/boom/-/boom-0.4.2.tgz
npm http GET https://registry.npmjs.org/assert-plus/-/assert-plus-0.1.2.tgz
npm http 200 https://registry.npmjs.org/ctype/0.5.2
npm http 200 https://registry.npmjs.org/asn1/0.1.11
npm http GET https://registry.npmjs.org/ctype/-/ctype-0.5.2.tgz
npm http GET https://registry.npmjs.org/asn1/-/asn1-0.1.11.tgz
npm http 200 https://registry.npmjs.org/cryptiles
npm http 200 https://registry.npmjs.org/combined-stream
npm http GET https://registry.npmjs.org/cryptiles/-/cryptiles-0.2.1.tgz
npm http GET https://registry.npmjs.org/combined-stream/-/combined-stream-0.0.4.tgz
npm http 200 https://registry.npmjs.org/sntp
npm http GET https://registry.npmjs.org/sntp/-/sntp-0.2.4.tgz
npm http 200 https://registry.npmjs.org/hoek
npm http GET https://registry.npmjs.org/hoek/-/hoek-0.8.5.tgz
npm http 200 https://registry.npmjs.org/proto-list/-/proto-list-1.2.2.tgz
npm http 200 https://registry.npmjs.org/abbrev/-/abbrev-1.0.4.tgz
npm http 200 https://registry.npmjs.org/asn1/-/asn1-0.1.11.tgz
npm http 200 https://registry.npmjs.org/ctype/-/ctype-0.5.2.tgz
npm http 200 https://registry.npmjs.org/assert-plus/-/assert-plus-0.1.2.tgz
npm http 200 https://registry.npmjs.org/boom/-/boom-0.4.2.tgz
npm http 200 https://registry.npmjs.org/cryptiles/-/cryptiles-0.2.1.tgz
npm http 200 https://registry.npmjs.org/async
npm http GET https://registry.npmjs.org/async/-/async-0.2.9.tgz
npm http 200 https://registry.npmjs.org/combined-stream/-/combined-stream-0.0.4.tgz
npm http 200 https://registry.npmjs.org/sntp/-/sntp-0.2.4.tgz
npm http 200 https://registry.npmjs.org/hoek/-/hoek-0.8.5.tgz

> phantomjs@1.9.0-6 install /root/tmp/tmp-47375oiyxdw0/build/package/node_modules/phantomjs
> node install.js

npm http 200 https://registry.npmjs.org/async/-/async-0.2.9.tgz
Unexpected platform or architecture: sunos x64
npm ERR! weird error 1
npm ERR! tar pack Error reading /root/tmp/tmp-47375oiyxdw0/tmp/npm-98636/1370467205320-0.25119884172454476/package
npm ERR! addLocalDirectory Could not pack "/root/tmp/tmp-47375oiyxdw0/tmp/npm-98636/1370467205320-0.25119884172454476/package" to "/root/tmp/tmp-47375oiyxdw0/npm-cache/async/0.2.9/package.tgz"
npm ERR! Error: ENOENT, open '/root/tmp/tmp-47375oiyxdw0/tmp/npm-98636/1370467204754-0.8190734423696995/package/tst/ctio/int/tst.rint.js'
npm ERR! If you need help, you may report this log at:
npm ERR!     <http://github.com/isaacs/npm/issues>
npm ERR! or email it to:
npm ERR!     <npm-@googlegroups.com>

npm ERR! System SunOS 5.11
npm ERR! command "node" "/opt/local/bin/npm" "install"
npm ERR! cwd /root/tmp/tmp-47375oiyxdw0/build/package
npm ERR! node -v v0.8.22
npm ERR! npm -v 1.2.19
npm ERR! path /root/tmp/tmp-47375oiyxdw0/tmp/npm-98636/1370467204754-0.8190734423696995/package/tst/ctio/int/tst.rint.js
npm ERR! code ENOENT
npm ERR! errno 34
npm http GET https://registry.npmjs.org/hoek/-/hoek-0.9.1.tgz
npm http 200 https://registry.npmjs.org/hoek/-/hoek-0.9.1.tgz
npm ERR!
npm ERR! Additional logging details can be found in:
npm ERR!     /root/tmp/tmp-47375oiyxdw0/build/package/npm-debug.log
npm ERR! not ok code 0